c:\users\fujitsu-nb\documents\visual studio 2015\projects\task2\rsa_lib\debug\rsa_lib.pch
c:\users\fujitsu-nb\documents\visual studio 2015\projects\task2\rsa_lib\debug\vc140.pdb
c:\users\fujitsu-nb\documents\visual studio 2015\projects\task2\rsa_lib\debug\vc140.idb
c:\users\fujitsu-nb\documents\visual studio 2015\projects\task2\rsa_lib\debug\stdafx.obj
c:\users\fujitsu-nb\documents\visual studio 2015\projects\task2\rsa_lib\debug\dllmain.obj
c:\users\fujitsu-nb\documents\visual studio 2015\projects\task2\rsa_lib\debug\rsa_lib.obj
c:\users\fujitsu-nb\documents\visual studio 2015\projects\task2\debug\rsa_lib.ilk
c:\users\fujitsu-nb\documents\visual studio 2015\projects\task2\debug\rsa_lib.dll
c:\users\fujitsu-nb\documents\visual studio 2015\projects\task2\debug\rsa_lib.pdb
c:\users\fujitsu-nb\documents\visual studio 2015\projects\task2\rsa_lib\debug\rsa_lib.res
c:\users\fujitsu-nb\documents\visual studio 2015\projects\task2\debug\rsa_lib.lib
c:\users\fujitsu-nb\documents\visual studio 2015\projects\task2\debug\rsa_lib.exp
c:\users\fujitsu-nb\documents\visual studio 2015\projects\task2\rsa_lib\debug\rsa_lib.tlog\cl.command.1.tlog
c:\users\fujitsu-nb\documents\visual studio 2015\projects\task2\rsa_lib\debug\rsa_lib.tlog\cl.read.1.tlog
c:\users\fujitsu-nb\documents\visual studio 2015\projects\task2\rsa_lib\debug\rsa_lib.tlog\cl.write.1.tlog
c:\users\fujitsu-nb\documents\visual studio 2015\projects\task2\rsa_lib\debug\rsa_lib.tlog\link.command.1.tlog
c:\users\fujitsu-nb\documents\visual studio 2015\projects\task2\rsa_lib\debug\rsa_lib.tlog\link.read.1.tlog
c:\users\fujitsu-nb\documents\visual studio 2015\projects\task2\rsa_lib\debug\rsa_lib.tlog\link.write.1.tlog
c:\users\fujitsu-nb\documents\visual studio 2015\projects\task2\rsa_lib\debug\rsa_lib.tlog\rc.command.1.tlog
c:\users\fujitsu-nb\documents\visual studio 2015\projects\task2\rsa_lib\debug\rsa_lib.tlog\rc.read.1.tlog
c:\users\fujitsu-nb\documents\visual studio 2015\projects\task2\rsa_lib\debug\rsa_lib.tlog\rc.write.1.tlog
c:\users\fujitsu-nb\documents\visual studio 2015\projects\task2\rsa_lib\debug\rsa_lib.tlog\rsa_lib.write.1u.tlog
